  board.cpp
board.cpp(4): warning C4244: 'argument' : conversion from 'time_t' to 'unsigned int', possible loss of data
board.cpp(21): warning C4305: '=' : truncation from 'double' to 'float'
board.cpp(22): warning C4305: '=' : truncation from 'double' to 'float'
board.cpp(23): warning C4305: '=' : truncation from 'double' to 'float'
board.cpp(24): warning C4305: '=' : truncation from 'double' to 'float'
board.cpp(25): warning C4305: '=' : truncation from 'double' to 'float'
board.cpp(26): warning C4305: '=' : truncation from 'double' to 'float'
board.cpp(402): warning C4244: 'initializing' : conversion from 'double' to 'float', possible loss of data
board.cpp(403): warning C4244: 'initializing' : conversion from 'double' to 'float', possible loss of data
board.cpp(405): warning C4244: 'initializing' : conversion from 'double' to 'float', possible loss of data
board.cpp(406): warning C4244: 'initializing' : conversion from 'double' to 'float', possible loss of data
board.cpp(426): warning C4244: '=' : conversion from 'float' to 'int', possible loss of data
board.cpp(429): warning C4244: '=' : conversion from 'float' to 'int', possible loss of data
board.cpp(433): warning C4244: '=' : conversion from 'int' to 'float', possible loss of data
board.cpp(441): warning C4244: '+=' : conversion from 'double' to 'float', possible loss of data
board.cpp(442): warning C4244: '+=' : conversion from 'double' to 'float', possible loss of data
board.cpp(449): warning C4244: '+=' : conversion from 'double' to 'float', possible loss of data
board.cpp(456): warning C4244: '=' : conversion from 'double' to 'float', possible loss of data
board.cpp(457): warning C4244: '=' : conversion from 'double' to 'float', possible loss of data
board.cpp(463): warning C4244: '=' : conversion from 'double' to 'float', possible loss of data
board.cpp(398): warning C4101: 'num_n' : unreferenced local variable
board.cpp(398): warning C4101: 'num_m' : unreferenced local variable
board.cpp(656): warning C4244: '=' : conversion from 'int' to 'float', possible loss of data
board.cpp(657): warning C4244: '=' : conversion from 'int' to 'float', possible loss of data
board.cpp(701): warning C4244: '=' : conversion from 'int' to 'float', possible loss of data
board.cpp(702): warning C4244: '=' : conversion from 'int' to 'float', possible loss of data
board.cpp(729): warning C4244: '=' : conversion from 'double' to 'float', possible loss of data
board.cpp(730): warning C4244: '=' : conversion from 'int' to 'float', possible loss of data
board.cpp(745): warning C4244: '=' : conversion from 'double' to 'float', possible loss of data
board.cpp(746): warning C4244: '=' : conversion from 'double' to 'float', possible loss of data
board.cpp(747): warning C4244: '=' : conversion from 'double' to 'float', possible loss of data
board.cpp(748): warning C4244: '=' : conversion from 'double' to 'float', possible loss of data
board.cpp(749): warning C4244: '=' : conversion from 'double' to 'float', possible loss of data
board.cpp(750): warning C4244: '=' : conversion from 'double' to 'float', possible loss of data
  ColorsGPU.vcxproj -> C:\Users\llamanaru\Programming\ColorsGPU\x64\Debug\ColorsGPU.exe
  copy "C:\Program Files\NVIDIA GPU Computing Toolkit\CUDA\v7.0\bin\cudart*.dll" "C:\Users\llamanaru\Programming\ColorsGPU\x64\Debug\"
  C:\Program Files\NVIDIA GPU Computing Toolkit\CUDA\v7.0\bin\cudart32_70.dll
  C:\Program Files\NVIDIA GPU Computing Toolkit\CUDA\v7.0\bin\cudart64_70.dll
          2 file(s) copied.
