Build started 5/29/2015 3:15:22 PM.
     1>Project "C:\Users\llamanaru\Programming\ColorsGPU\ColorsGPU\ColorsGPU.vcxproj" on node 2 (Build target(s)).
     1>AddCudaCompileDeps:
         Q:\Programs\VC\bin\cl.exe /E /nologo /showIncludes /TP /D__CUDACC__ /DWIN32 /DNDEBUG /D_CONSOLE /D_MBCS /IC:\SDL\include /IC:\SDL\include /I"C:\Program Files\NVIDIA GPU Computing Toolkit\CUDA\v7.0\include" /I"C:\Program Files\NVIDIA GPU Computing Toolkit\CUDA\v7.0\bin" /I"C:\Program Files\NVIDIA GPU Computing Toolkit\CUDA\v7.0\include" /I. /FIcuda_runtime.h /c C:\Users\llamanaru\Programming\ColorsGPU\ColorsGPU\kernel.cu 
       CudaBuild:
         Compiling CUDA source file kernel.cu...
         cmd.exe /C "C:\Users\llamanaru\AppData\Local\Temp\tmp04c87f4f493242c49d35e3f8508e11be.cmd"
         "C:\Program Files\NVIDIA GPU Computing Toolkit\CUDA\v7.0\bin\nvcc.exe" -gencode=arch=compute_20,code=\"sm_20,compute_20\" --use-local-env --cl-version 2013 -ccbin "Q:\Programs\VC\bin"  -IC:\SDL\include -IC:\SDL\include -I"C:\Program Files\NVIDIA GPU Computing Toolkit\CUDA\v7.0\include" -I"C:\Program Files\NVIDIA GPU Computing Toolkit\CUDA\v7.0\include"     --keep-dir Release -maxrregcount=0  --machine 32 --compile -cudart static     -DWIN32 -DNDEBUG -D_CONSOLE -D_MBCS -Xcompiler "/EHsc /W3 /nologo /O2 /Zi  /MD  " -o Release\kernel.cu.obj "C:\Users\llamanaru\Programming\ColorsGPU\ColorsGPU\kernel.cu"
         
         C:\Users\llamanaru\Programming\ColorsGPU\ColorsGPU>"C:\Program Files\NVIDIA GPU Computing Toolkit\CUDA\v7.0\bin\nvcc.exe" -gencode=arch=compute_20,code=\"sm_20,compute_20\" --use-local-env --cl-version 2013 -ccbin "Q:\Programs\VC\bin"  -IC:\SDL\include -IC:\SDL\include -I"C:\Program Files\NVIDIA GPU Computing Toolkit\CUDA\v7.0\include" -I"C:\Program Files\NVIDIA GPU Computing Toolkit\CUDA\v7.0\include"     --keep-dir Release -maxrregcount=0  --machine 32 --compile -cudart static     -DWIN32 -DNDEBUG -D_CONSOLE -D_MBCS -Xcompiler "/EHsc /W3 /nologo /O2 /Zi  /MD  " -o Release\kernel.cu.obj "C:\Users\llamanaru\Programming\ColorsGPU\ColorsGPU\kernel.cu" 
     1>C:/Users/llamanaru/Programming/ColorsGPU/ColorsGPU/kernel.cu(232): warning : variable "num_n" was set but never used
     1>C:/Users/llamanaru/Programming/ColorsGPU/ColorsGPU/kernel.cu(232): warning : variable "num_m" was set but never used
     1>C:/Users/llamanaru/Programming/ColorsGPU/ColorsGPU/kernel.cu(232): warning : variable "num_n" was set but never used
     1>C:/Users/llamanaru/Programming/ColorsGPU/ColorsGPU/kernel.cu(232): warning : variable "num_m" was set but never used
         kernel.cu
       ClCompile:
         Q:\Programs\VC\bin\CL.exe /c /IC:\SDL\include /I"C:\Program Files\NVIDIA GPU Computing Toolkit\CUDA\v7.0\include" /Zi /nologo /W3 /WX- /O2 /Oi /Oy- /GL /D WIN32 /D NDEBUG /D _CONSOLE /D _MBCS /Gm- /EHsc /MD /GS /Gy /fp:precise /Zc:wchar_t /Zc:forScope /Fo"Release\\" /Fd"Release\vc120.pdb" /Gd /TP /analyze- /errorReport:prompt board.cpp initializer.cpp main.cpp screen.cpp
         board.cpp
     1>board.cpp(4): warning C4244: 'argument' : conversion from 'time_t' to 'unsigned int', possible loss of data
     1>board.cpp(16): warning C4305: '=' : truncation from 'double' to 'float'
     1>board.cpp(17): warning C4305: '=' : truncation from 'double' to 'float'
     1>board.cpp(18): warning C4305: '=' : truncation from 'double' to 'float'
     1>board.cpp(19): warning C4305: '=' : truncation from 'double' to 'float'
     1>board.cpp(20): warning C4305: '=' : truncation from 'double' to 'float'
     1>board.cpp(21): warning C4305: '=' : truncation from 'double' to 'float'
     1>board.cpp(197): warning C4244: 'initializing' : conversion from 'double' to 'float', possible loss of data
     1>board.cpp(198): warning C4244: 'initializing' : conversion from 'double' to 'float', possible loss of data
     1>board.cpp(200): warning C4244: 'initializing' : conversion from 'double' to 'float', possible loss of data
     1>board.cpp(201): warning C4244: 'initializing' : conversion from 'double' to 'float', possible loss of data
     1>board.cpp(220): warning C4244: '=' : conversion from 'float' to 'int', possible loss of data
     1>board.cpp(223): warning C4244: '=' : conversion from 'float' to 'int', possible loss of data
     1>board.cpp(229): warning C4244: '=' : conversion from 'int' to 'float', possible loss of data
     1>board.cpp(236): warning C4244: '+=' : conversion from 'double' to 'float', possible loss of data
     1>board.cpp(237): warning C4244: '+=' : conversion from 'double' to 'float', possible loss of data
     1>board.cpp(242): warning C4244: '+=' : conversion from 'double' to 'float', possible loss of data
     1>board.cpp(250): warning C4244: '=' : conversion from 'double' to 'float', possible loss of data
     1>board.cpp(251): warning C4244: '=' : conversion from 'double' to 'float', possible loss of data
     1>board.cpp(254): warning C4244: '=' : conversion from 'double' to 'float', possible loss of data
     1>board.cpp(193): warning C4101: 'num_n' : unreferenced local variable
     1>board.cpp(193): warning C4101: 'num_m' : unreferenced local variable
     1>board.cpp(439): warning C4244: '=' : conversion from 'int' to 'float', possible loss of data
     1>board.cpp(440): warning C4244: '=' : conversion from 'int' to 'float', possible loss of data
     1>board.cpp(464): warning C4244: '=' : conversion from 'int' to 'float', possible loss of data
     1>board.cpp(465): warning C4244: '=' : conversion from 'int' to 'float', possible loss of data
     1>board.cpp(483): warning C4244: '=' : conversion from 'double' to 'float', possible loss of data
     1>board.cpp(484): warning C4244: '=' : conversion from 'int' to 'float', possible loss of data
     1>board.cpp(499): warning C4244: '=' : conversion from 'double' to 'float', possible loss of data
     1>board.cpp(500): warning C4244: '=' : conversion from 'double' to 'float', possible loss of data
     1>board.cpp(501): warning C4244: '=' : conversion from 'double' to 'float', possible loss of data
     1>board.cpp(502): warning C4244: '=' : conversion from 'double' to 'float', possible loss of data
     1>board.cpp(503): warning C4244: '=' : conversion from 'double' to 'float', possible loss of data
     1>board.cpp(504): warning C4244: '=' : conversion from 'double' to 'float', possible loss of data
         initializer.cpp
     1>initializer.cpp(6): warning C4244: 'argument' : conversion from 'time_t' to 'unsigned int', possible loss of data
     1>initializer.cpp(74): warning C4244: '=' : conversion from 'int' to 'float', possible loss of data
     1>initializer.cpp(261): warning C4244: 'initializing' : conversion from 'double' to 'float', possible loss of data
     1>initializer.cpp(265): warning C4244: '+=' : conversion from 'double' to 'float', possible loss of data
     1>initializer.cpp(286): warning C4244: 'initializing' : conversion from 'int' to 'float', possible loss of data
     1>initializer.cpp(287): warning C4244: 'initializing' : conversion from 'int' to 'float', possible loss of data
         main.cpp
     1>main.cpp(260): warning C4244: 'argument' : conversion from 'time_t' to 'unsigned int', possible loss of data
         screen.cpp
     1>screen.cpp(80): warning C4244: '=' : conversion from 'float' to 'int', possible loss of data
       Link:
         Q:\Programs\VC\bin\link.exe /ERRORREPORT:PROMPT /OUT:"C:\Users\llamanaru\Programming\ColorsGPU\Release\ColorsGPU.exe" /NOLOGO /LIBPATH:C:\SDL\lib\win32 /LIBPATH:"C:\Program Files\NVIDIA GPU Computing Toolkit\CUDA\v7.0\lib\Win32" cudart.lib kernel32.lib user32.lib gdi32.lib winspool.lib comdlg32.lib advapi32.lib shell32.lib ole32.lib oleaut32.lib uuid.lib odbc32.lib odbccp32.lib SDL2.lib SDL2main.lib kernel32.lib user32.lib gdi32.lib winspool.lib comdlg32.lib advapi32.lib shell32.lib ole32.lib oleaut32.lib uuid.lib odbc32.lib odbccp32.lib /MANIFEST /MANIFESTUAC:"level='asInvoker' uiAccess='false'" /manifest:embed /DEBUG /PDB:"C:\Users\llamanaru\Programming\ColorsGPU\Release\ColorsGPU.pdb" /SUBSYSTEM:CONSOLE /OPT:REF /OPT:ICF /LTCG /TLBID:1 /DYNAMICBASE /NXCOMPAT /IMPLIB:"C:\Users\llamanaru\Programming\ColorsGPU\Release\ColorsGPU.lib" /MACHINE:X86 /SAFESEH Release\kernel.cu.obj
         Release\board.obj
         Release\initializer.obj
         Release\main.obj
         Release\RuleGenerator.obj
         Release\screen.obj
         Release\test.obj
         Generating code
         Finished generating code
         ColorsGPU.vcxproj -> C:\Users\llamanaru\Programming\ColorsGPU\Release\ColorsGPU.exe
       PostBuildEvent:
         echo copy "C:\Program Files\NVIDIA GPU Computing Toolkit\CUDA\v7.0\bin\cudart*.dll" "C:\Users\llamanaru\Programming\ColorsGPU\Release\"
         copy "C:\Program Files\NVIDIA GPU Computing Toolkit\CUDA\v7.0\bin\cudart*.dll" "C:\Users\llamanaru\Programming\ColorsGPU\Release\"
         :VCEnd
         copy "C:\Program Files\NVIDIA GPU Computing Toolkit\CUDA\v7.0\bin\cudart*.dll" "C:\Users\llamanaru\Programming\ColorsGPU\Release\"
         C:\Program Files\NVIDIA GPU Computing Toolkit\CUDA\v7.0\bin\cudart32_70.dll
         C:\Program Files\NVIDIA GPU Computing Toolkit\CUDA\v7.0\bin\cudart64_70.dll
                 2 file(s) copied.
     1>Done Building Project "C:\Users\llamanaru\Programming\ColorsGPU\ColorsGPU\ColorsGPU.vcxproj" (Build target(s)).

Build succeeded.

Time Elapsed 00:00:06.58
